<?xml version="1.0" encoding="UTF-8"?>
<testng-results skipped="0" failed="1" total="1" passed="0">
  <reporter-output>
  </reporter-output>
  <suite name="Default suite" duration-ms="19205" started-at="2015-09-26T09:16:16Z" finished-at="2015-09-26T09:16:36Z">
    <groups>
    </groups>
    <test name="Default test" duration-ms="19205" started-at="2015-09-26T09:16:16Z" finished-at="2015-09-26T09:16:36Z">
      <class name="com.olx.test.Olxtest">
        <test-method status="PASS" signature="setUp()[pri:0, instance:com.olx.test.Olxtest@57e603e6]" name="setUp" is-config="true" duration-ms="768" started-at="2015-09-26T14:46:16Z" finished-at="2015-09-26T14:46:17Z">
          <reporter-output>
          </reporter-output>
        </test-method> <!-- setUp -->
        <test-method status="FAIL" signature="PostingTest()[pri:0, instance:com.olx.test.Olxtest@57e603e6]" name="PostingTest" duration-ms="18414" started-at="2015-09-26T14:46:17Z" finished-at="2015-09-26T14:46:36Z">
          <exception class="java.lang.ArrayIndexOutOfBoundsException">
            <message>
              <![CDATA[3]]>
            </message>
            <full-stacktrace>
              <![CDATA[java.lang.ArrayIndexOutOfBoundsException: 3
	at com.olx.pages.SubmitAdPage.enterAdDetails(SubmitAdPage.java:31)
	at com.olx.test.Olxtest.PostingTest(Olxtest.java:50)
	at sun.reflect.NativeMethodAccessorImpl.invoke0(Native Method)
	at sun.reflect.NativeMethodAccessorImpl.invoke(NativeMethodAccessorImpl.java:57)
	at sun.reflect.DelegatingMethodAccessorImpl.invoke(DelegatingMethodAccessorImpl.java:43)
	at java.lang.reflect.Method.invoke(Method.java:606)
	at org.testng.internal.MethodInvocationHelper.invokeMethod(MethodInvocationHelper.java:84)
	at org.testng.internal.Invoker.invokeMethod(Invoker.java:714)
	at org.testng.internal.Invoker.invokeTestMethod(Invoker.java:901)
	at org.testng.internal.Invoker.invokeTestMethods(Invoker.java:1231)
	at org.testng.internal.TestMethodWorker.invokeTestMethods(TestMethodWorker.java:127)
	at org.testng.internal.TestMethodWorker.run(TestMethodWorker.java:111)
	at org.testng.TestRunner.privateRun(TestRunner.java:767)
	at org.testng.TestRunner.run(TestRunner.java:617)
	at org.testng.SuiteRunner.runTest(SuiteRunner.java:334)
	at org.testng.SuiteRunner.runSequentially(SuiteRunner.java:329)
	at org.testng.SuiteRunner.privateRun(SuiteRunner.java:291)
	at org.testng.SuiteRunner.run(SuiteRunner.java:240)
	at org.testng.SuiteRunnerWorker.runSuite(SuiteRunnerWorker.java:52)
	at org.testng.SuiteRunnerWorker.run(SuiteRunnerWorker.java:86)
	at org.testng.TestNG.runSuitesSequentially(TestNG.java:1224)
	at org.testng.TestNG.runSuitesLocally(TestNG.java:1149)
	at org.testng.TestNG.run(TestNG.java:1057)
	at org.testng.remote.RemoteTestNG.run(RemoteTestNG.java:111)
	at org.testng.remote.RemoteTestNG.initAndRun(RemoteTestNG.java:204)
	at org.testng.remote.RemoteTestNG.main(RemoteTestNG.java:175)
]]>
            </full-stacktrace>
          </exception> <!-- java.lang.ArrayIndexOutOfBoundsException -->
          <reporter-output>
          </reporter-output>
        </test-method> <!-- PostingTest -->
        <test-method status="PASS" signature="tearDown()[pri:0, instance:com.olx.test.Olxtest@57e603e6]" name="tearDown" is-config="true" duration-ms="0" started-at="2015-09-26T14:46:36Z" finished-at="2015-09-26T14:46:36Z">
          <reporter-output>
          </reporter-output>
        </test-method> <!-- tearDown -->
      </class> <!-- com.olx.test.Olxtest -->
    </test> <!-- Default test -->
  </suite> <!-- Default suite -->
</testng-results>
