<?xml version="1.0" encoding="UTF-8"?>
<testng-results skipped="4" failed="0" total="4" passed="0">
  <reporter-output>
  </reporter-output>
  <suite name="Default suite" duration-ms="1292" started-at="2015-09-26T11:10:10Z" finished-at="2015-09-26T11:10:11Z">
    <groups>
    </groups>
    <test name="Default test" duration-ms="1292" started-at="2015-09-26T11:10:10Z" finished-at="2015-09-26T11:10:11Z">
      <class name="com.olx.test.Olxtest">
        <test-method status="FAIL" signature="setUp()[pri:0, instance:com.olx.test.Olxtest@3ca83695]" name="setUp" is-config="true" duration-ms="0" started-at="2015-09-26T16:40:10Z" finished-at="2015-09-26T16:40:10Z">
          <exception class="org.openqa.selenium.SessionNotCreatedException">
            <message>
              <![CDATA[A new session could not be created. (Original error: Requested a new session but one was in progress) (WARNING: The server did not provide any stacktrace information)
Command duration or timeout: 223 milliseconds
Build info: version: '2.42.2', revision: '6a6995d', time: '2014-06-03 17:42:03'
System info: host: 'Sukhchains-Macbook-Pro.local', ip: '192.168.43.75', os.name: 'Mac OS X', os.arch: 'x86_64', os.version: '10.10.2', java.version: '1.7.0_60-ea'
Driver info: org.openqa.selenium.remote.RemoteWebDriver]]>
            </message>
            <full-stacktrace>
              <![CDATA[org.openqa.selenium.SessionNotCreatedException: A new session could not be created. (Original error: Requested a new session but one was in progress) (WARNING: The server did not provide any stacktrace information)
Command duration or timeout: 223 milliseconds
Build info: version: '2.42.2', revision: '6a6995d', time: '2014-06-03 17:42:03'
System info: host: 'Sukhchains-Macbook-Pro.local', ip: '192.168.43.75', os.name: 'Mac OS X', os.arch: 'x86_64', os.version: '10.10.2', java.version: '1.7.0_60-ea'
Driver info: org.openqa.selenium.remote.RemoteWebDriver
	at sun.reflect.NativeConstructorAccessorImpl.newInstance0(Native Method)
	at sun.reflect.NativeConstructorAccessorImpl.newInstance(NativeConstructorAccessorImpl.java:57)
	at sun.reflect.DelegatingConstructorAccessorImpl.newInstance(DelegatingConstructorAccessorImpl.java:45)
	at java.lang.reflect.Constructor.newInstance(Constructor.java:526)
	at org.openqa.selenium.remote.ErrorHandler.createThrowable(ErrorHandler.java:204)
	at org.openqa.selenium.remote.ErrorHandler.throwIfResponseFailed(ErrorHandler.java:156)
	at org.openqa.selenium.remote.RemoteWebDriver.execute(RemoteWebDriver.java:599)
	at org.openqa.selenium.remote.RemoteWebDriver.startSession(RemoteWebDriver.java:240)
	at org.openqa.selenium.remote.RemoteWebDriver.<init>(RemoteWebDriver.java:126)
	at org.openqa.selenium.remote.RemoteWebDriver.<init>(RemoteWebDriver.java:153)
	at com.olx.test.Olxtest.setUp(Olxtest.java:38)
	at sun.reflect.NativeMethodAccessorImpl.invoke0(Native Method)
	at sun.reflect.NativeMethodAccessorImpl.invoke(NativeMethodAccessorImpl.java:57)
	at sun.reflect.DelegatingMethodAccessorImpl.invoke(DelegatingMethodAccessorImpl.java:43)
	at java.lang.reflect.Method.invoke(Method.java:606)
	at org.testng.internal.MethodInvocationHelper.invokeMethod(MethodInvocationHelper.java:84)
	at org.testng.internal.Invoker.invokeConfigurationMethod(Invoker.java:564)
	at org.testng.internal.Invoker.invokeConfigurations(Invoker.java:213)
	at org.testng.internal.Invoker.invokeMethod(Invoker.java:653)
	at org.testng.internal.Invoker.invokeTestMethod(Invoker.java:901)
	at org.testng.internal.Invoker.invokeTestMethods(Invoker.java:1231)
	at org.testng.internal.TestMethodWorker.invokeTestMethods(TestMethodWorker.java:127)
	at org.testng.internal.TestMethodWorker.run(TestMethodWorker.java:111)
	at org.testng.TestRunner.privateRun(TestRunner.java:767)
	at org.testng.TestRunner.run(TestRunner.java:617)
	at org.testng.SuiteRunner.runTest(SuiteRunner.java:334)
	at org.testng.SuiteRunner.runSequentially(SuiteRunner.java:329)
	at org.testng.SuiteRunner.privateRun(SuiteRunner.java:291)
	at org.testng.SuiteRunner.run(SuiteRunner.java:240)
	at org.testng.SuiteRunnerWorker.runSuite(SuiteRunnerWorker.java:52)
	at org.testng.SuiteRunnerWorker.run(SuiteRunnerWorker.java:86)
	at org.testng.TestNG.runSuitesSequentially(TestNG.java:1224)
	at org.testng.TestNG.runSuitesLocally(TestNG.java:1149)
	at org.testng.TestNG.run(TestNG.java:1057)
	at org.testng.remote.RemoteTestNG.run(RemoteTestNG.java:111)
	at org.testng.remote.RemoteTestNG.initAndRun(RemoteTestNG.java:204)
	at org.testng.remote.RemoteTestNG.main(RemoteTestNG.java:175)
]]>
            </full-stacktrace>
          </exception> <!-- org.openqa.selenium.SessionNotCreatedException -->
          <reporter-output>
          </reporter-output>
        </test-method> <!-- setUp -->
        <test-method status="SKIP" signature="BrowseAds()[pri:0, instance:com.olx.test.Olxtest@3ca83695]" name="BrowseAds" duration-ms="2" started-at="2015-09-26T16:40:11Z" finished-at="2015-09-26T16:40:11Z">
          <reporter-output>
          </reporter-output>
        </test-method> <!-- BrowseAds -->
        <test-method status="SKIP" signature="tearDown()[pri:0, instance:com.olx.test.Olxtest@3ca83695]" name="tearDown" is-config="true" duration-ms="0" started-at="2015-09-26T16:40:11Z" finished-at="2015-09-26T16:40:11Z">
          <reporter-output>
          </reporter-output>
        </test-method> <!-- tearDown -->
        <test-method status="SKIP" signature="setUp()[pri:0, instance:com.olx.test.Olxtest@3ca83695]" name="setUp" is-config="true" duration-ms="0" started-at="2015-09-26T16:40:11Z" finished-at="2015-09-26T16:40:11Z">
          <reporter-output>
          </reporter-output>
        </test-method> <!-- setUp -->
        <test-method status="SKIP" signature="HomeLoaded()[pri:0, instance:com.olx.test.Olxtest@3ca83695]" name="HomeLoaded" duration-ms="1" started-at="2015-09-26T16:40:11Z" finished-at="2015-09-26T16:40:11Z">
          <reporter-output>
          </reporter-output>
        </test-method> <!-- HomeLoaded -->
        <test-method status="SKIP" signature="tearDown()[pri:0, instance:com.olx.test.Olxtest@3ca83695]" name="tearDown" is-config="true" duration-ms="0" started-at="2015-09-26T16:40:11Z" finished-at="2015-09-26T16:40:11Z">
          <reporter-output>
          </reporter-output>
        </test-method> <!-- tearDown -->
        <test-method status="SKIP" signature="setUp()[pri:0, instance:com.olx.test.Olxtest@3ca83695]" name="setUp" is-config="true" duration-ms="0" started-at="2015-09-26T16:40:11Z" finished-at="2015-09-26T16:40:11Z">
          <reporter-output>
          </reporter-output>
        </test-method> <!-- setUp -->
        <test-method status="SKIP" signature="PostingTest()[pri:0, instance:com.olx.test.Olxtest@3ca83695]" name="PostingTest" duration-ms="1" started-at="2015-09-26T16:40:11Z" finished-at="2015-09-26T16:40:11Z">
          <reporter-output>
          </reporter-output>
        </test-method> <!-- PostingTest -->
        <test-method status="SKIP" signature="tearDown()[pri:0, instance:com.olx.test.Olxtest@3ca83695]" name="tearDown" is-config="true" duration-ms="0" started-at="2015-09-26T16:40:11Z" finished-at="2015-09-26T16:40:11Z">
          <reporter-output>
          </reporter-output>
        </test-method> <!-- tearDown -->
        <test-method status="SKIP" signature="setUp()[pri:0, instance:com.olx.test.Olxtest@3ca83695]" name="setUp" is-config="true" duration-ms="0" started-at="2015-09-26T16:40:11Z" finished-at="2015-09-26T16:40:11Z">
          <reporter-output>
          </reporter-output>
        </test-method> <!-- setUp -->
        <test-method status="SKIP" signature="homeScreenTest()[pri:0, instance:com.olx.test.Olxtest@3ca83695]" name="homeScreenTest" duration-ms="1" started-at="2015-09-26T16:40:11Z" finished-at="2015-09-26T16:40:11Z">
          <reporter-output>
          </reporter-output>
        </test-method> <!-- homeScreenTest -->
        <test-method status="SKIP" signature="tearDown()[pri:0, instance:com.olx.test.Olxtest@3ca83695]" name="tearDown" is-config="true" duration-ms="0" started-at="2015-09-26T16:40:11Z" finished-at="2015-09-26T16:40:11Z">
          <reporter-output>
          </reporter-output>
        </test-method> <!-- tearDown -->
      </class> <!-- com.olx.test.Olxtest -->
    </test> <!-- Default test -->
  </suite> <!-- Default suite -->
</testng-results>
